-------------------------------------------------------------------------------
Test set: com.parasoft.parabank.tests.BillPayTest
-------------------------------------------------------------------------------
Tests run: 1, Failures: 0, Errors: 1, Skipped: 0, Time elapsed: 14.255 s <<< FAILURE! - in com.parasoft.parabank.tests.BillPayTest
com.parasoft.parabank.tests.BillPayTest.testBillPayTest  Time elapsed: 14.25 s  <<< ERROR!
org.openqa.selenium.TimeoutException: Expected condition failed: waiting for value found by By.tagName: title to contain "ParaBank". Current value: "null" (tried for 10 second(s) with 500 milliseconds interval)
	at com.parasoft.parabank.tests.BillPayTest.testBillPayTest(BillPayTest.java:66)
Caused by: org.openqa.selenium.NoSuchWindowException: 
no such window: target window already closed
from unknown error: web view not found
  (Session info: chrome=102.0.5005.115)
Build info: version: '3.141.59', revision: 'e82be7d358', time: '2018-11-14T08:17:03'
System info: host: 'SPIDERMAN', ip: '10.1.215.31', os.name: 'Windows 10', os.arch: 'amd64', os.version: '10.0', java.version: '15.0.2'
Driver info: org.openqa.selenium.chrome.ChromeDriver
Capabilities {acceptInsecureCerts: false, browserName: chrome, browserVersion: 102.0.5005.115, chrome: {chromedriverVersion: 102.0.5005.61 (0e59bcc00cc4..., userDataDir: C:\Users\GTROFI~1\AppData\L...}, goog:chromeOptions: {debuggerAddress: localhost:51843}, javascriptEnabled: true, networkConnectionEnabled: false, pageLoadStrategy: normal, platform: WINDOWS, platformName: WINDOWS, proxy: Proxy(), setWindowRect: true, strictFileInteractability: false, timeouts: {implicit: 0, pageLoad: 300000, script: 30000}, unhandledPromptBehavior: dismiss and notify, webauthn:extension:credBlob: true, webauthn:extension:largeBlob: true, webauthn:virtualAuthenticators: true}
Session ID: 2a6d181305a1134c1162307055be2afd
*** Element info: {Using=tag name, value=title}
	at com.parasoft.parabank.tests.BillPayTest.testBillPayTest(BillPayTest.java:66)

